生成启动时间为 2016/3/31 16:15:10。
     1>项目“C:\Users\tjyb\Desktop\sobelandmatch\sobelandmatch\sobelandmatch.vcxproj”在节点 2 上(Build 个目标)。
     1>ClCompile:
         C:\Program Files (x86)\Microsoft Visual Studio 11.0\VC\bin\CL.exe /c /Zi /nologo /W3 /WX- /sdl /O2 /Oi /Oy- /GL /D WIN32 /D NDEBUG /D _CONSOLE /D _CRT_SECURE_NO_WARNINGS /D _UNICODE /D UNICODE /Gm /EHsc /MD /GS /Gy /fp:precise /Zc:wchar_t /Zc:forScope /Yu"stdafx.h" /Fp"Release\sobelandmatch.pch" /Fo"Release\\" /Fd"Release\vc110.pdb" /Gd /TP /analyze- /errorReport:prompt cl_user.cpp clelas.cpp elas.cpp main.cpp vibe.cpp
         vibe.cpp
     1>c:\users\tjyb\desktop\sobelandmatch\sobelandmatch\vibe.h(2): fatal error C1083: 无法打开包括文件:“opencv2/opencv.hpp”: No such file or directory
         main.cpp
     1>main.cpp(2): fatal error C1083: 无法打开包括文件:“cv.h”: No such file or directory
         elas.cpp
     1>c:\users\tjyb\desktop\sobelandmatch\sobelandmatch\elas.h(73): warning C4305: “=”: 从“double”到“float”截断
     1>c:\users\tjyb\desktop\sobelandmatch\sobelandmatch\elas.h(81): warning C4305: “=”: 从“double”到“float”截断
     1>c:\users\tjyb\desktop\sobelandmatch\sobelandmatch\elas.h(102): warning C4305: “=”: 从“double”到“float”截断
     1>c:\users\tjyb\desktop\sobelandmatch\sobelandmatch\elas.h(110): warning C4305: “=”: 从“double”到“float”截断
     1>elas.cpp(10): fatal error C1083: 无法打开包括文件:“CL/cl.h”: No such file or directory
         clelas.cpp
     1>c:\users\tjyb\desktop\sobelandmatch\sobelandmatch\clElas.h(11): fatal error C1083: 无法打开包括文件:“CL/cl.h”: No such file or directory
         cl_user.cpp
     1>cl_user.cpp(2): fatal error C1083: 无法打开包括文件:“cv.h”: No such file or directory
     1>已完成生成项目“C:\Users\tjyb\Desktop\sobelandmatch\sobelandmatch\sobelandmatch.vcxproj”(Build 个目标)的操作 - 失败。

生成失败。

已用时间 00:00:00.66
